Using pre-set license
Built from '2020.3/staging' branch; Version is '2020.3.11f1 (99c7afb366b3) revision 10078127'; Using compiler version '192528614'; Build Type 'Release'
OS: 'Windows 10 Pro; OS build 19042.985; Version 2009; 64bit' Language: 'en' Physical Memory: 12184 MB
BatchMode: 1, IsHumanControllingUs: 0, StartBugReporterOnCrash: 0, Is64bit: 1, IsPro: 0

 COMMAND LINE ARGUMENTS:
C:\Program Files\Unity\2020.3.11f1\Editor\Unity.exe
-adb2
-batchMode
-noUpm
-name
AssetImportWorker5
-projectPath
C:/Project Unity/Panorama-Tour-VR/Prototype - Action Mode
-logFile
Logs/AssetImportWorker5.log
-srvPort
57370
Successfully changed project path to: C:/Project Unity/Panorama-Tour-VR/Prototype - Action Mode
C:/Project Unity/Panorama-Tour-VR/Prototype - Action Mode
Using Asset Import Pipeline V2.
Refreshing native plugins compatible for Editor in 213.37 ms, found 2 plugins.
Preloading 0 native plugins for Editor in 0.00 ms.
Initialize engine version: 2020.3.11f1 (99c7afb366b3)
[Subsystems] Discovering subsystems at path C:/Program Files/Unity/2020.3.11f1/Editor/Data/Resources/UnitySubsystems
[Subsystems] Discovering subsystems at path C:/Project Unity/Panorama-Tour-VR/Prototype - Action Mode/Assets
GfxDevice: creating device client; threaded=0
Direct3D:
    Version:  Direct3D 11.0 [level 11.0]
    Renderer: NVIDIA GeForce 920MX (ID=0x134f)
    Vendor:   
    VRAM:     2010 MB
    Driver:   27.21.14.6647
Initialize mono
Mono path[0] = 'C:/Program Files/Unity/2020.3.11f1/Editor/Data/Managed'
Mono path[1] = 'C:/Program Files/Unity/2020.3.11f1/Editor/Data/MonoBleedingEdge/lib/mono/unityjit'
Mono config path = 'C:/Program Files/Unity/2020.3.11f1/Editor/Data/MonoBleedingEdge/etc'
Using monoOptions --debugger-agent=transport=dt_socket,embedding=1,server=y,suspend=n,address=127.0.0.1:56916
Begin MonoManager ReloadAssembly
Registering precompiled unity dll's ...
Register platform support module: C:/Program Files/Unity/2020.3.11f1/Editor/Data/PlaybackEngines/WindowsStandaloneSupport/UnityEditor.WindowsStandalone.Extensions.dll
Registered in 0.007629 seconds.
Native extension for WindowsStandalone target not found
Refreshing native plugins compatible for Editor in 129.07 ms, found 2 plugins.
Preloading 0 native plugins for Editor in 0.00 ms.
Mono: successfully reloaded assembly
- Completed reload, in 13.894 seconds
Platform modules already initialized, skipping
Registering precompiled user dll's ...
Registered in 0.017779 seconds.
Begin MonoManager ReloadAssembly
Native extension for WindowsStandalone target not found
Refreshing native plugins compatible for Editor in 0.78 ms, found 2 plugins.
Preloading 0 native plugins for Editor in 0.00 ms.
Mono: successfully reloaded assembly
- Completed reload, in  3.439 seconds
Platform modules already initialized, skipping
========================================================================
Worker process is ready to serve import requests
Failed to get ipc connection from UnityShaderCompiler.exe shader compiler! C:/Program Files/Unity/2020.3.11f1/Editor/Data/Tools/UnityShaderCompiler.exe
Failed to get ipc connection from UnityShaderCompiler.exe shader compiler! C:/Program Files/Unity/2020.3.11f1/Editor/Data/Tools/UnityShaderCompiler.exe
Failed to get ipc connection from UnityShaderCompiler.exe shader compiler! C:/Program Files/Unity/2020.3.11f1/Editor/Data/Tools/UnityShaderCompiler.exe
Launched and connected shader compiler UnityShaderCompiler.exe after 14.15 seconds
Refreshing native plugins compatible for Editor in 3.62 ms, found 2 plugins.
Preloading 0 native plugins for Editor in 0.00 ms.
Unloading 1386 Unused Serialized files (Serialized files now loaded: 0)
System memory in use before: 64.9 MB.
System memory in use after: 65.0 MB.

Unloading 19 unused Assets to reduce memory usage. Loaded Objects now: 1819.
Total: 194.609600 ms (FindLiveObjects: 0.415800 ms CreateObjectMapping: 0.114500 ms MarkObjects: 193.887800 ms  DeleteObjects: 0.188200 ms)

========================================================================
Received Prepare
Registering precompiled user dll's ...
Registered in 0.022045 seconds.
Begin MonoManager ReloadAssembly
Native extension for WindowsStandalone target not found
Refreshing native plugins compatible for Editor in 0.99 ms, found 2 plugins.
Preloading 0 native plugins for Editor in 0.00 ms.
Mono: successfully reloaded assembly
- Completed reload, in 16.638 seconds
Platform modules already initialized, skipping
Switching build target platform(19) subTarget(0) extendedPlatform(0) -> platform(13) subTarget(537395200) extendedPlatform(0)
Refreshing native plugins compatible for Editor in 0.74 ms, found 2 plugins.
Preloading 0 native plugins for Editor in 0.00 ms.
Unloading 1385 Unused Serialized files (Serialized files now loaded: 0)
System memory in use before: 64.9 MB.
System memory in use after: 65.0 MB.

Unloading 14 unused Assets to reduce memory usage. Loaded Objects now: 1822.
Total: 7.147400 ms (FindLiveObjects: 0.310200 ms CreateObjectMapping: 0.127300 ms MarkObjects: 6.232600 ms  DeleteObjects: 0.474500 ms)

AssetImportParameters requested are different than current active one (requested -> active):
  custom:graphics/normal-map-encoding: 01000000000000000000000000000000 -> 02000000000000000000000000000000
========================================================================
Received Prepare
Refreshing native plugins compatible for Editor in 20.75 ms, found 2 plugins.
Preloading 0 native plugins for Editor in 0.00 ms.
Unloading 12 Unused Serialized files (Serialized files now loaded: 0)
System memory in use before: 37.7 MB.
System memory in use after: 37.8 MB.

Unloading 12 unused Assets to reduce memory usage. Loaded Objects now: 1822.
Total: 7.869600 ms (FindLiveObjects: 0.338500 ms CreateObjectMapping: 0.791100 ms MarkObjects: 6.626000 ms  DeleteObjects: 0.112100 ms)

AssetImportWorkerClient::OnTransportError - code=2 error=End of file
